0 silly argv {
0 silly argv   _: [ 'version' ],
0 silly argv   private: false,
0 silly argv   lernaVersion: '8.1.8',
0 silly argv   '$0': 'lerna'
0 silly argv }
1 notice cli v8.1.8
2 verbose packageConfigs Resolving packages based on package.json "workspaces" configuration.
3 verbose rootPath /Users/gymd/myStudy/cli-study/getting-started-example
4 info current version 0.0.0
5 silly isAnythingCommitted
6 verbose isAnythingCommitted 1
7 silly getCurrentBranch
8 verbose currentBranch main
9 silly remoteBranchExists
10 silly isBehindUpstream
11 error Error: Command failed with exit code 1: git remote update
11 error fatal: unable to access 'https://github.com/lerna/getting-started-example.git/': Failure when receiving data from the peer
11 error error: could not fetch old-origin
11 error Fetching old-origin
11 error Fetching origin
11 error     at makeError (/Users/gymd/myStudy/cli-study/getting-started-example/node_modules/execa/lib/error.js:59:11)
11 error     at module.exports.sync (/Users/gymd/myStudy/cli-study/getting-started-example/node_modules/execa/index.js:186:17)
11 error     at Object.execSync (/Users/gymd/myStudy/cli-study/getting-started-example/node_modules/lerna/dist/index.js:1579:31)
11 error     at updateRemote (/Users/gymd/myStudy/cli-study/getting-started-example/node_modules/lerna/dist/index.js:9196:18)
11 error     at isBehindUpstream (/Users/gymd/myStudy/cli-study/getting-started-example/node_modules/lerna/dist/index.js:9186:3)
11 error     at VersionCommand.initialize (/Users/gymd/myStudy/cli-study/getting-started-example/node_modules/lerna/dist/index.js:9477:57)
